# Logfile created on 2015-04-01 20:48:55 -0500 by logger.rb/44203
I, [2015-04-01T20:48:55.362272 #47287]  INFO -- : 0:  sass (3.4.13) from /Users/swifty/.rvm/gems/ruby-2.1.0/specifications/sass-3.4.13.gemspec
I, [2015-04-01T20:48:55.362726 #47287]  INFO -- : 0:  bundler (1.5.1) from /Users/swifty/.rvm/gems/ruby-2.1.0@global/specifications/bundler-1.5.1.gemspec
I, [2015-04-01T20:50:08.051685 #47452]  INFO -- : 0:  hitimes (1.2.2) from /Users/swifty/.rvm/gems/ruby-2.1.0/specifications/hitimes-1.2.2.gemspec
I, [2015-04-01T20:50:08.051993 #47452]  INFO -- : 0:  timers (4.0.1) from /Users/swifty/.rvm/gems/ruby-2.1.0/specifications/timers-4.0.1.gemspec
I, [2015-04-01T20:50:08.052253 #47452]  INFO -- : 0:  celluloid (0.16.0) from /Users/swifty/.rvm/gems/ruby-2.1.0/specifications/celluloid-0.16.0.gemspec
I, [2015-04-01T20:50:15.535711 #47452]  INFO -- : 0:  ffi (1.9.8) from /Users/swifty/.rvm/gems/ruby-2.1.0/specifications/ffi-1.9.8.gemspec
I, [2015-04-01T20:50:15.536173 #47452]  INFO -- : 0:  rb-fsevent (0.9.4) from /Users/swifty/.rvm/gems/ruby-2.1.0/specifications/rb-fsevent-0.9.4.gemspec
I, [2015-04-01T20:50:15.536417 #47452]  INFO -- : 0:  rb-inotify (0.9.5) from /Users/swifty/.rvm/gems/ruby-2.1.0/specifications/rb-inotify-0.9.5.gemspec
I, [2015-04-01T20:50:16.403603 #47452]  INFO -- : 0:  listen (2.7.11) from /Users/swifty/.rvm/gems/ruby-2.1.0/specifications/listen-2.7.11.gemspec
I, [2015-04-01T20:50:16.403963 #47452]  INFO -- : 0:  sass (3.4.13) from /Users/swifty/.rvm/gems/ruby-2.1.0/specifications/sass-3.4.13.gemspec
I, [2015-04-01T20:50:16.404193 #47452]  INFO -- : 0:  bundler (1.5.1) from /Users/swifty/.rvm/gems/ruby-2.1.0@global/specifications/bundler-1.5.1.gemspec
I, [2015-04-01T20:51:11.522004 #47970]  INFO -- : 0:  hitimes (1.2.2) from /Users/swifty/.rvm/gems/ruby-2.1.0/specifications/hitimes-1.2.2.gemspec
I, [2015-04-01T20:51:11.522305 #47970]  INFO -- : 0:  timers (4.0.1) from /Users/swifty/.rvm/gems/ruby-2.1.0/specifications/timers-4.0.1.gemspec
I, [2015-04-01T20:51:11.522558 #47970]  INFO -- : 0:  celluloid (0.16.0) from /Users/swifty/.rvm/gems/ruby-2.1.0/specifications/celluloid-0.16.0.gemspec
I, [2015-04-01T20:51:11.522805 #47970]  INFO -- : 0:  ffi (1.9.8) from /Users/swifty/.rvm/gems/ruby-2.1.0/specifications/ffi-1.9.8.gemspec
I, [2015-04-01T20:51:11.523023 #47970]  INFO -- : 0:  rb-fsevent (0.9.4) from /Users/swifty/.rvm/gems/ruby-2.1.0/specifications/rb-fsevent-0.9.4.gemspec
I, [2015-04-01T20:51:11.523227 #47970]  INFO -- : 0:  rb-inotify (0.9.5) from /Users/swifty/.rvm/gems/ruby-2.1.0/specifications/rb-inotify-0.9.5.gemspec
I, [2015-04-01T20:51:11.523439 #47970]  INFO -- : 0:  listen (2.7.11) from /Users/swifty/.rvm/gems/ruby-2.1.0/specifications/listen-2.7.11.gemspec
I, [2015-04-01T20:51:11.523677 #47970]  INFO -- : 0:  sass (3.4.13) from /Users/swifty/.rvm/gems/ruby-2.1.0/specifications/sass-3.4.13.gemspec
I, [2015-04-01T20:51:11.523877 #47970]  INFO -- : 0:  bundler (1.5.1) from /Users/swifty/.rvm/gems/ruby-2.1.0@global/specifications/bundler-1.5.1.gemspec
I, [2015-04-01T20:52:10.200271 #48043]  INFO -- : 0:  hitimes (1.2.2) from /Users/swifty/.rvm/gems/ruby-2.1.0/specifications/hitimes-1.2.2.gemspec
I, [2015-04-01T20:52:10.200607 #48043]  INFO -- : 0:  timers (4.0.1) from /Users/swifty/.rvm/gems/ruby-2.1.0/specifications/timers-4.0.1.gemspec
I, [2015-04-01T20:52:10.200876 #48043]  INFO -- : 0:  celluloid (0.16.0) from /Users/swifty/.rvm/gems/ruby-2.1.0/specifications/celluloid-0.16.0.gemspec
I, [2015-04-01T20:52:10.201151 #48043]  INFO -- : 0:  chunky_png (1.3.3) from /Users/swifty/.rvm/gems/ruby-2.1.0/specifications/chunky_png-1.3.3.gemspec
I, [2015-04-01T20:52:10.201397 #48043]  INFO -- : 0:  multi_json (1.10.1) from /Users/swifty/.rvm/gems/ruby-2.1.0/specifications/multi_json-1.10.1.gemspec
I, [2015-04-01T20:52:10.201638 #48043]  INFO -- : 0:  sass (3.4.13) from /Users/swifty/.rvm/gems/ruby-2.1.0/specifications/sass-3.4.13.gemspec
I, [2015-04-01T20:52:10.201849 #48043]  INFO -- : 0:  compass-core (1.0.1) from /Users/swifty/.rvm/gems/ruby-2.1.0/specifications/compass-core-1.0.1.gemspec
I, [2015-04-01T20:52:10.202077 #48043]  INFO -- : 0:  compass-import-once (1.0.5) from /Users/swifty/.rvm/gems/ruby-2.1.0/specifications/compass-import-once-1.0.5.gemspec
I, [2015-04-01T20:52:10.202320 #48043]  INFO -- : 0:  rb-fsevent (0.9.4) from /Users/swifty/.rvm/gems/ruby-2.1.0/specifications/rb-fsevent-0.9.4.gemspec
I, [2015-04-01T20:52:10.202537 #48043]  INFO -- : 0:  ffi (1.9.8) from /Users/swifty/.rvm/gems/ruby-2.1.0/specifications/ffi-1.9.8.gemspec
I, [2015-04-01T20:52:10.202750 #48043]  INFO -- : 0:  rb-inotify (0.9.5) from /Users/swifty/.rvm/gems/ruby-2.1.0/specifications/rb-inotify-0.9.5.gemspec
I, [2015-04-01T20:52:10.202976 #48043]  INFO -- : 0:  compass (1.0.1) from /Users/swifty/.rvm/gems/ruby-2.1.0/specifications/compass-1.0.1.gemspec
I, [2015-04-01T20:52:10.203202 #48043]  INFO -- : 0:  listen (2.7.11) from /Users/swifty/.rvm/gems/ruby-2.1.0/specifications/listen-2.7.11.gemspec
I, [2015-04-01T20:52:10.203417 #48043]  INFO -- : 0:  bundler (1.5.1) from /Users/swifty/.rvm/gems/ruby-2.1.0@global/specifications/bundler-1.5.1.gemspec
